<?xml version="1.0" encoding="UTF-8"?>
<!-- Generated by org.testng.reporters.JUnitReportReporter -->
<testsuite skipped="0" hostname="BLRPPATIL156084" name="aemTest.Carousel" tests="10" failures="0" timestamp="07 Mar 2018 10:15:26 GMT" time="274.219" errors="0">
  <testcase name="CreateNewTemplate" time="15.025" classname="aemTest.Carousel"/>
  <testcase name="CarouselSide1" time="16.101" classname="aemTest.Carousel"/>
  <testcase name="CarouselSide2" time="21.932" classname="aemTest.Carousel"/>
  <testcase name="CarouselSide3" time="24.567" classname="aemTest.Carousel"/>
  <testcase name="CarouselSide4" time="28.994" classname="aemTest.Carousel"/>
  <testcase name="CarouselSide5" time="33.581" classname="aemTest.Carousel"/>
  <testcase name="CarouselSide6" time="37.918" classname="aemTest.Carousel"/>
  <testcase name="CarouselSide7" time="42.173" classname="aemTest.Carousel"/>
  <testcase name="CarouselSide8" time="46.136" classname="aemTest.Carousel"/>
  <testcase name="PublishThePage" time="7.792" classname="aemTest.Carousel"/>
</testsuite> <!-- aemTest.Carousel -->
