<?xml version="1.0" encoding="UTF-8"?>
<!-- Generated by org.testng.reporters.JUnitReportReporter -->
<testsuite skipped="0" hostname="BLRPPATIL156084" name="aemTest.ColumnControl" tests="2" failures="0" timestamp="10 Nov 2017 13:05:58 GMT" time="15.002" errors="0">
  <testcase name="CreateNewTemplate" time="9.737" classname="aemTest.ColumnControl"/>
  <testcase name="AddColumnControl" time="5.265" classname="aemTest.ColumnControl"/>
</testsuite> <!-- aemTest.ColumnControl -->
