<?xml version="1.0" encoding="UTF-8"?>
<!-- Generated by org.testng.reporters.JUnitReportReporter -->
<testsuite skipped="0" hostname="BLRPPATIL156084" name="aemTest.EnhancedProductHero" tests="3" failures="0" timestamp="07 Mar 2018 10:15:26 GMT" time="41.148" errors="0">
  <testcase name="CreateNewTemplate" time="14.397" classname="aemTest.EnhancedProductHero"/>
  <testcase name="AddEnhancedProductHero" time="18.692" classname="aemTest.EnhancedProductHero"/>
  <testcase name="PublishThePage" time="8.059" classname="aemTest.EnhancedProductHero"/>
</testsuite> <!-- aemTest.EnhancedProductHero -->
