<?xml version="1.0" encoding="UTF-8"?>
<!-- Generated by org.testng.reporters.JUnitReportReporter -->
<testsuite skipped="0" hostname="BLRPPATIL156084" name="aemTest.Footer" tests="1" failures="0" timestamp="31 Oct 2017 10:02:45 GMT" time="16.344" errors="0">
  <testcase name="AddFooterComponent" time="16.344" classname="aemTest.Footer"/>
</testsuite> <!-- aemTest.Footer -->
