<?xml version="1.0" encoding="UTF-8"?>
<!-- Generated by org.testng.reporters.JUnitReportReporter -->
<testsuite skipped="0" hostname="BLRPPATIL156084" name="aemTest.HeroPaginatedArticle" tests="2" failures="0" timestamp="09 Feb 2018 09:57:02 GMT" time="32.905" errors="0">
  <testcase name="CreateNewTemplate" time="14.547" classname="aemTest.HeroPaginatedArticle"/>
  <testcase name="HeroPaginatedArticleConfiguration" time="18.358" classname="aemTest.HeroPaginatedArticle"/>
</testsuite> <!-- aemTest.HeroPaginatedArticle -->
