<?xml version="1.0" encoding="UTF-8"?>
<!-- Generated by org.testng.reporters.JUnitReportReporter -->
<testsuite skipped="0" hostname="BLRPPATIL156084" name="aemTest.SectionHeader" tests="4" failures="0" timestamp="07 Mar 2018 10:15:26 GMT" time="45.151" errors="0">
  <testcase name="CreateNewTemplate" time="17.143" classname="aemTest.SectionHeader"/>
  <testcase name="SectionHeaderOneConfig" time="8.124" classname="aemTest.SectionHeader"/>
  <testcase name="SectionHeaderTwoConfig" time="11.412" classname="aemTest.SectionHeader"/>
  <testcase name="PublishThePage" time="8.472" classname="aemTest.SectionHeader"/>
</testsuite> <!-- aemTest.SectionHeader -->
