<?xml version="1.0" encoding="UTF-8"?>
<!-- Generated by org.testng.reporters.JUnitReportReporter -->
<testsuite skipped="0" hostname="BLRPPATIL156084" name="aemTest.ArticleFeature" tests="7" failures="0" timestamp="07 Mar 2018 10:15:26 GMT" time="108.071" errors="0">
  <testcase name="CreateNewTemplate" time="17.256" classname="aemTest.ArticleFeature"/>
  <testcase name="ArtFeatureLargeImageLeftAlign" time="18.022" classname="aemTest.ArticleFeature"/>
  <testcase name="ArtFeatureLargeImageRightAlign" time="14.466" classname="aemTest.ArticleFeature"/>
  <testcase name="ArtFeatureLargeImageTopAlign" time="16.929" classname="aemTest.ArticleFeature"/>
  <testcase name="ArtFeatureSmallImageLeftAlign" time="16.893" classname="aemTest.ArticleFeature"/>
  <testcase name="ArtFeatureSmallImageRightAlign" time="16.889" classname="aemTest.ArticleFeature"/>
  <testcase name="PublishThePage" time="7.616" classname="aemTest.ArticleFeature"/>
</testsuite> <!-- aemTest.ArticleFeature -->
