<?xml version="1.0" encoding="UTF-8"?>
<!-- Generated by org.testng.reporters.JUnitReportReporter -->
<testsuite skipped="0" hostname="BLRPPATIL156084" name="aemTest.SubTitleQuote" tests="3" failures="0" timestamp="07 Mar 2018 10:15:26 GMT" time="33.283" errors="0">
  <testcase name="CreateNewTemplate" time="16.446" classname="aemTest.SubTitleQuote"/>
  <testcase name="SubTitleWithQuoteComponentConfig" time="9.239" classname="aemTest.SubTitleQuote"/>
  <testcase name="PublishThePage" time="7.598" classname="aemTest.SubTitleQuote"/>
</testsuite> <!-- aemTest.SubTitleQuote -->
